#
# There is insufficient memory for the Java Runtime Environment to continue.
# Native memory allocation (malloc) failed to allocate 541216 bytes for Chunk::new
# Possible reasons:
#   The system is out of physical RAM or swap space
#   The process is running with CompressedOops enabled, and the Java Heap may be blocking the growth of the native heap
# Possible solutions:
#   Reduce memory load on the system
#   Increase physical memory or swap space
#   Check if swap backing store is full
#   Decrease Java heap size (-Xmx/-Xms)
#   Decrease number of Java threads
#   Decrease Java thread stack sizes (-Xss)
#   Set larger code cache with -XX:ReservedCodeCacheSize=
#   JVM is running with Unscaled Compressed Oops mode in which the Java heap is
#     placed in the first 4GB address space. The Java Heap base address is the
#     maximum limit for the native heap growth. Please use -XX:HeapBaseMinAddress
#     to set the Java Heap base and to place the Java Heap above 4GB virtual address.
# This output file may be truncated or incomplete.
#
#  Out of Memory Error (./open/src/hotspot/share/memory/arena.cpp:197), pid=23928, tid=23604
#
# JRE version: Java(TM) SE Runtime Environment 18.9 (11.0.15.1+2) (build 11.0.15.1+2-LTS-10)
# Java VM: Java HotSpot(TM) 64-Bit Server VM 18.9 (11.0.15.1+2-LTS-10, mixed mode, tiered, compressed oops, g1 gc, windows-amd64)
# No core dump will be written. Minidumps are not enabled by default on client versions of Windows
#

---------------  S U M M A R Y ------------

Command Line: -Dfile.encoding=UTF-8 --add-modules=javafx.fxml,javafx.controls,javafx.graphics --module-path=C:\Users\Daniel Roberts\Documents\NetBeansProjects\Main\build\classes;C:\Users\Daniel Roberts\Downloads\openjfx-18.0.1_windows-x64_bin-sdk\javafx-sdk-18.0.1\lib\javafx.base.jar;C:\Users\Daniel Roberts\Downloads\openjfx-18.0.1_windows-x64_bin-sdk\javafx-sdk-18.0.1\lib\javafx.controls.jar;C:\Users\Daniel Roberts\Downloads\openjfx-18.0.1_windows-x64_bin-sdk\javafx-sdk-18.0.1\lib\javafx.fxml.jar;C:\Users\Daniel Roberts\Downloads\openjfx-18.0.1_windows-x64_bin-sdk\javafx-sdk-18.0.1\lib\javafx.graphics.jar;C:\Users\Daniel Roberts\Downloads\openjfx-18.0.1_windows-x64_bin-sdk\javafx-sdk-18.0.1\lib\javafx.media.jar;C:\Users\Daniel Roberts\Downloads\openjfx-18.0.1_windows-x64_bin-sdk\javafx-sdk-18.0.1\lib\javafx.swing.jar;C:\Users\Daniel Roberts\Downloads\openjfx-18.0.1_windows-x64_bin-sdk\javafx-sdk-18.0.1\lib\javafx.web.jar;C:\Users\Daniel Roberts\Downloads\openjfx-18.0.1_windows-x64_bin-sdk\javafx-sdk-18.0.1\lib\javafx-swt.jar main.Main

Host: Intel(R) Core(TM) i5-7440HQ CPU @ 2.80GHz, 4 cores, 7G,  Windows 10 , 64 bit Build 19041 (10.0.19041.1706)
Time: Mon Jun 13 23:07:21 2022 Central Daylight Time elapsed time: 0.640806 seconds (0d 0h 0m 0s)

---------------  T H R E A D  ---------------

Current thread (0x000002c9f1ec4000):  JavaThread "C2 CompilerThread0" daemon [_thread_in_native, id=23604, stack(0x000000fc42800000,0x000000fc42900000)]


Current CompileTask:
C2:    640  923       4       jdk.internal.org.objectweb.asm.Frame::execute (2264 bytes)

Stack: [0x000000fc42800000,0x000000fc42900000]
Native frames: (J=compiled Java code, j=interpreted, Vv=VM code, C=native code)
V  [jvm.dll+0x629d8a]
V  [jvm.dll+0x7638ff]
V  [jvm.dll+0x764fa9]
V  [jvm.dll+0x765633]
V  [jvm.dll+0x23d9c8]
V  [jvm.dll+0xb2a1c]
V  [jvm.dll+0xb2fdc]
V  [jvm.dll+0x2ae744]
V  [jvm.dll+0x53d4c6]
V  [jvm.dll+0x20089d]
V  [jvm.dll+0x1fa64a]
V  [jvm.dll+0x1f762d]
V  [jvm.dll+0x177c51]
V  [jvm.dll+0x207026]
V  [jvm.dll+0x2051bb]
V  [jvm.dll+0x729820]
V  [jvm.dll+0x7223f4]
V  [jvm.dll+0x628c26]
C  [ucrtbase.dll+0x21bb2]
C  [KERNEL32.DLL+0x17034]
C  [ntdll.dll+0x52651]


---------------  P R O C E S S  ---------------

Threads class SMR info:
_java_thread_list=0x000002c9f2fd5b50, length=15, elements={
0x000002c9d47ef800, 0x000002c9f1e85000, 0x000002c9f1e86800, 0x000002c9f2832800,
0x000002c9f1ebe000, 0x000002c9f1ec0000, 0x000002c9f1ec4000, 0x000002c9f1ec9000,
0x000002c9f1eec000, 0x000002c9f1e3e000, 0x000002c9f2da5000, 0x000002c9f2e90000,
0x000002c9f2f96800, 0x000002c9f2efe800, 0x000002c9f2f8d800
}

Java Threads: ( => current thread )
  0x000002c9d47ef800 JavaThread "main" [_thread_blocked, id=18236, stack(0x000000fc41c00000,0x000000fc41d00000)]
  0x000002c9f1e85000 JavaThread "Reference Handler" daemon [_thread_blocked, id=20092, stack(0x000000fc42300000,0x000000fc42400000)]
  0x000002c9f1e86800 JavaThread "Finalizer" daemon [_thread_blocked, id=23772, stack(0x000000fc42400000,0x000000fc42500000)]
  0x000002c9f2832800 JavaThread "Signal Dispatcher" daemon [_thread_blocked, id=21248, stack(0x000000fc42500000,0x000000fc42600000)]
  0x000002c9f1ebe000 JavaThread "Attach Listener" daemon [_thread_blocked, id=19052, stack(0x000000fc42600000,0x000000fc42700000)]
  0x000002c9f1ec0000 JavaThread "Service Thread" daemon [_thread_blocked, id=15904, stack(0x000000fc42700000,0x000000fc42800000)]
=>0x000002c9f1ec4000 JavaThread "C2 CompilerThread0" daemon [_thread_in_native, id=23604, stack(0x000000fc42800000,0x000000fc42900000)]
  0x000002c9f1ec9000 JavaThread "C1 CompilerThread0" daemon [_thread_blocked, id=23400, stack(0x000000fc42900000,0x000000fc42a00000)]
  0x000002c9f1eec000 JavaThread "Sweeper thread" daemon [_thread_blocked, id=13440, stack(0x000000fc42a00000,0x000000fc42b00000)]
  0x000002c9f1e3e000 JavaThread "Common-Cleaner" daemon [_thread_blocked, id=21444, stack(0x000000fc42b00000,0x000000fc42c00000)]
  0x000002c9f2da5000 JavaThread "QuantumRenderer-0" daemon [_thread_blocked, id=14308, stack(0x000000fc42d00000,0x000000fc42e00000)]
  0x000002c9f2e90000 JavaThread "InvokeLaterDispatcher" daemon [_thread_blocked, id=17832, stack(0x000000fc42e00000,0x000000fc42f00000)]
  0x000002c9f2f96800 JavaThread "JavaFX Application Thread" [_thread_in_vm, id=23868, stack(0x000000fc43100000,0x000000fc43200000)]
  0x000002c9f2efe800 JavaThread "JavaFX-Launcher" [_thread_blocked, id=22504, stack(0x000000fc43300000,0x000000fc43400000)]
  0x000002c9f2f8d800 JavaThread "Thread-2" daemon [_thread_in_native, id=20884, stack(0x000000fc43200000,0x000000fc43300000)]

Other Threads:
  0x000002c9f1e83000 VMThread "VM Thread" [stack: 0x000000fc42200000,0x000000fc42300000] [id=21932]
  0x000002c9f2b07000 WatcherThread [stack: 0x000000fc42c00000,0x000000fc42d00000] [id=24084]
  0x000002c9d4803800 GCTaskThread "GC Thread#0" [stack: 0x000000fc41d00000,0x000000fc41e00000] [id=16848]
  0x000002c9f2f56000 GCTaskThread "GC Thread#1" [stack: 0x000000fc42f00000,0x000000fc43000000] [id=24624]
  0x000002c9f2f56800 GCTaskThread "GC Thread#2" [stack: 0x000000fc43000000,0x000000fc43100000] [id=17368]
  0x000002c9d4837800 ConcurrentGCThread "G1 Main Marker" [stack: 0x000000fc41e00000,0x000000fc41f00000] [id=15260]
  0x000002c9d4839000 ConcurrentGCThread "G1 Conc#0" [stack: 0x000000fc41f00000,0x000000fc42000000] [id=3016]
  0x000002c9d48c9800 ConcurrentGCThread "G1 Refine#0" [stack: 0x000000fc42000000,0x000000fc42100000] [id=17508]
  0x000002c9d48ca800 ConcurrentGCThread "G1 Young RemSet Sampling" [stack: 0x000000fc42100000,0x000000fc42200000] [id=15916]

Threads with active compile tasks:
C2 CompilerThread0    684  923       4       jdk.internal.org.objectweb.asm.Frame::execute (2264 bytes)

VM state:not at safepoint (normal execution)

VM Mutex/Monitor currently owned by a thread: None

Heap address: 0x0000000081c00000, size: 2020 MB, Compressed Oops mode: 32-bit
Narrow klass base: 0x0000000000000000, Narrow klass shift: 3
Compressed class space size: 1073741824 Address: 0x0000000100000000

Heap:
 garbage-first heap   total 131072K, used 11378K [0x0000000081c00000, 0x0000000100000000)
  region size 1024K, 13 young (13312K), 2 survivors (2048K)
 Metaspace       used 12483K, capacity 12866K, committed 13056K, reserved 1060864K
  class space    used 1358K, capacity 1526K, committed 1536K, reserved 1048576K
Heap Regions: E=young(eden), S=young(survivor), O=old, HS=humongous(starts), HC=humongous(continues), CS=collection set, F=free, A=archive, TAMS=top-at-mark-start (previous, next)
|   0|0x0000000081c00000, 0x0000000081c1c808, 0x0000000081d00000| 11%| O|  |TAMS 0x0000000081c00000, 0x0000000081c00000| Untracked 
|   1|0x0000000081d00000, 0x0000000081d00000, 0x0000000081e00000|  0%| F|  |TAMS 0x0000000081d00000, 0x0000000081d00000| Untracked 
|   2|0x0000000081e00000, 0x0000000081e00000, 0x0000000081f00000|  0%| F|  |TAMS 0x0000000081e00000, 0x0000000081e00000| Untracked 
|   3|0x0000000081f00000, 0x0000000081f00000, 0x0000000082000000|  0%| F|  |TAMS 0x0000000081f00000, 0x0000000081f00000| Untracked 
|   4|0x0000000082000000, 0x0000000082000000, 0x0000000082100000|  0%| F|  |TAMS 0x0000000082000000, 0x0000000082000000| Untracked 
|   5|0x0000000082100000, 0x0000000082100000, 0x0000000082200000|  0%| F|  |TAMS 0x0000000082100000, 0x0000000082100000| Untracked 
|   6|0x0000000082200000, 0x0000000082200000, 0x0000000082300000|  0%| F|  |TAMS 0x0000000082200000, 0x0000000082200000| Untracked 
|   7|0x0000000082300000, 0x0000000082300000, 0x0000000082400000|  0%| F|  |TAMS 0x0000000082300000, 0x0000000082300000| Untracked 
|   8|0x0000000082400000, 0x0000000082400000, 0x0000000082500000|  0%| F|  |TAMS 0x0000000082400000, 0x0000000082400000| Untracked 
|   9|0x0000000082500000, 0x0000000082500000, 0x0000000082600000|  0%| F|  |TAMS 0x0000000082500000, 0x0000000082500000| Untracked 
|  10|0x0000000082600000, 0x0000000082600000, 0x0000000082700000|  0%| F|  |TAMS 0x0000000082600000, 0x0000000082600000| Untracked 
|  11|0x0000000082700000, 0x0000000082700000, 0x0000000082800000|  0%| F|  |TAMS 0x0000000082700000, 0x0000000082700000| Untracked 
|  12|0x0000000082800000, 0x0000000082800000, 0x0000000082900000|  0%| F|  |TAMS 0x0000000082800000, 0x0000000082800000| Untracked 
|  13|0x0000000082900000, 0x0000000082900000, 0x0000000082a00000|  0%| F|  |TAMS 0x0000000082900000, 0x0000000082900000| Untracked 
|  14|0x0000000082a00000, 0x0000000082a00000, 0x0000000082b00000|  0%| F|  |TAMS 0x0000000082a00000, 0x0000000082a00000| Untracked 
|  15|0x0000000082b00000, 0x0000000082b00000, 0x0000000082c00000|  0%| F|  |TAMS 0x0000000082b00000, 0x0000000082b00000| Untracked 
|  16|0x0000000082c00000, 0x0000000082c00000, 0x0000000082d00000|  0%| F|  |TAMS 0x0000000082c00000, 0x0000000082c00000| Untracked 
|  17|0x0000000082d00000, 0x0000000082d00000, 0x0000000082e00000|  0%| F|  |TAMS 0x0000000082d00000, 0x0000000082d00000| Untracked 
|  18|0x0000000082e00000, 0x0000000082e00000, 0x0000000082f00000|  0%| F|  |TAMS 0x0000000082e00000, 0x0000000082e00000| Untracked 
|  19|0x0000000082f00000, 0x0000000082f00000, 0x0000000083000000|  0%| F|  |TAMS 0x0000000082f00000, 0x0000000082f00000| Untracked 
|  20|0x0000000083000000, 0x0000000083000000, 0x0000000083100000|  0%| F|  |TAMS 0x0000000083000000, 0x0000000083000000| Untracked 
|  21|0x0000000083100000, 0x0000000083100000, 0x0000000083200000|  0%| F|  |TAMS 0x0000000083100000, 0x0000000083100000| Untracked 
|  22|0x0000000083200000, 0x0000000083200000, 0x0000000083300000|  0%| F|  |TAMS 0x0000000083200000, 0x0000000083200000| Untracked 
|  23|0x0000000083300000, 0x0000000083300000, 0x0000000083400000|  0%| F|  |TAMS 0x0000000083300000, 0x0000000083300000| Untracked 
|  24|0x0000000083400000, 0x0000000083400000, 0x0000000083500000|  0%| F|  |TAMS 0x0000000083400000, 0x0000000083400000| Untracked 
|  25|0x0000000083500000, 0x0000000083500000, 0x0000000083600000|  0%| F|  |TAMS 0x0000000083500000, 0x0000000083500000| Untracked 
|  26|0x0000000083600000, 0x0000000083600000, 0x0000000083700000|  0%| F|  |TAMS 0x0000000083600000, 0x0000000083600000| Untracked 
|  27|0x0000000083700000, 0x0000000083700000, 0x0000000083800000|  0%| F|  |TAMS 0x0000000083700000, 0x0000000083700000| Untracked 
|  28|0x0000000083800000, 0x0000000083800000, 0x0000000083900000|  0%| F|  |TAMS 0x0000000083800000, 0x0000000083800000| Untracked 
|  29|0x0000000083900000, 0x0000000083900000, 0x0000000083a00000|  0%| F|  |TAMS 0x0000000083900000, 0x0000000083900000| Untracked 
|  30|0x0000000083a00000, 0x0000000083a00000, 0x0000000083b00000|  0%| F|  |TAMS 0x0000000083a00000, 0x0000000083a00000| Untracked 
|  31|0x0000000083b00000, 0x0000000083b00000, 0x0000000083c00000|  0%| F|  |TAMS 0x0000000083b00000, 0x0000000083b00000| Untracked 
|  32|0x0000000083c00000, 0x0000000083c00000, 0x0000000083d00000|  0%| F|  |TAMS 0x0000000083c00000, 0x0000000083c00000| Untracked 
|  33|0x0000000083d00000, 0x0000000083d00000, 0x0000000083e00000|  0%| F|  |TAMS 0x0000000083d00000, 0x0000000083d00000| Untracked 
|  34|0x0000000083e00000, 0x0000000083e00000, 0x0000000083f00000|  0%| F|  |TAMS 0x0000000083e00000, 0x0000000083e00000| Untracked 
|  35|0x0000000083f00000, 0x0000000083f00000, 0x0000000084000000|  0%| F|  |TAMS 0x0000000083f00000, 0x0000000083f00000| Untracked 
|  36|0x0000000084000000, 0x0000000084000000, 0x0000000084100000|  0%| F|  |TAMS 0x0000000084000000, 0x0000000084000000| Untracked 
|  37|0x0000000084100000, 0x0000000084100000, 0x0000000084200000|  0%| F|  |TAMS 0x0000000084100000, 0x0000000084100000| Untracked 
|  38|0x0000000084200000, 0x0000000084200000, 0x0000000084300000|  0%| F|  |TAMS 0x0000000084200000, 0x0000000084200000| Untracked 
|  39|0x0000000084300000, 0x0000000084300000, 0x0000000084400000|  0%| F|  |TAMS 0x0000000084300000, 0x0000000084300000| Untracked 
|  40|0x0000000084400000, 0x0000000084400000, 0x0000000084500000|  0%| F|  |TAMS 0x0000000084400000, 0x0000000084400000| Untracked 
|  41|0x0000000084500000, 0x0000000084500000, 0x0000000084600000|  0%| F|  |TAMS 0x0000000084500000, 0x0000000084500000| Untracked 
|  42|0x0000000084600000, 0x0000000084600000, 0x0000000084700000|  0%| F|  |TAMS 0x0000000084600000, 0x0000000084600000| Untracked 
|  43|0x0000000084700000, 0x0000000084700000, 0x0000000084800000|  0%| F|  |TAMS 0x0000000084700000, 0x0000000084700000| Untracked 
|  44|0x0000000084800000, 0x0000000084800000, 0x0000000084900000|  0%| F|  |TAMS 0x0000000084800000, 0x0000000084800000| Untracked 
|  45|0x0000000084900000, 0x0000000084900000, 0x0000000084a00000|  0%| F|  |TAMS 0x0000000084900000, 0x0000000084900000| Untracked 
|  46|0x0000000084a00000, 0x0000000084a00000, 0x0000000084b00000|  0%| F|  |TAMS 0x0000000084a00000, 0x0000000084a00000| Untracked 
|  47|0x0000000084b00000, 0x0000000084b00000, 0x0000000084c00000|  0%| F|  |TAMS 0x0000000084b00000, 0x0000000084b00000| Untracked 
|  48|0x0000000084c00000, 0x0000000084c00000, 0x0000000084d00000|  0%| F|  |TAMS 0x0000000084c00000, 0x0000000084c00000| Untracked 
|  49|0x0000000084d00000, 0x0000000084d00000, 0x0000000084e00000|  0%| F|  |TAMS 0x0000000084d00000, 0x0000000084d00000| Untracked 
|  50|0x0000000084e00000, 0x0000000084e00000, 0x0000000084f00000|  0%| F|  |TAMS 0x0000000084e00000, 0x0000000084e00000| Untracked 
|  51|0x0000000084f00000, 0x0000000084f00000, 0x0000000085000000|  0%| F|  |TAMS 0x0000000084f00000, 0x0000000084f00000| Untracked 
|  52|0x0000000085000000, 0x0000000085000000, 0x0000000085100000|  0%| F|  |TAMS 0x0000000085000000, 0x0000000085000000| Untracked 
|  53|0x0000000085100000, 0x0000000085100000, 0x0000000085200000|  0%| F|  |TAMS 0x0000000085100000, 0x0000000085100000| Untracked 
|  54|0x0000000085200000, 0x0000000085200000, 0x0000000085300000|  0%| F|  |TAMS 0x0000000085200000, 0x0000000085200000| Untracked 
|  55|0x0000000085300000, 0x0000000085300000, 0x0000000085400000|  0%| F|  |TAMS 0x0000000085300000, 0x0000000085300000| Untracked 
|  56|0x0000000085400000, 0x0000000085400000, 0x0000000085500000|  0%| F|  |TAMS 0x0000000085400000, 0x0000000085400000| Untracked 
|  57|0x0000000085500000, 0x0000000085500000, 0x0000000085600000|  0%| F|  |TAMS 0x0000000085500000, 0x0000000085500000| Untracked 
|  58|0x0000000085600000, 0x0000000085600000, 0x0000000085700000|  0%| F|  |TAMS 0x0000000085600000, 0x0000000085600000| Untracked 
|  59|0x0000000085700000, 0x0000000085700000, 0x0000000085800000|  0%| F|  |TAMS 0x0000000085700000, 0x0000000085700000| Untracked 
|  60|0x0000000085800000, 0x0000000085800000, 0x0000000085900000|  0%| F|  |TAMS 0x0000000085800000, 0x0000000085800000| Untracked 
|  61|0x0000000085900000, 0x0000000085900000, 0x0000000085a00000|  0%| F|  |TAMS 0x0000000085900000, 0x0000000085900000| Untracked 
|  62|0x0000000085a00000, 0x0000000085a00000, 0x0000000085b00000|  0%| F|  |TAMS 0x0000000085a00000, 0x0000000085a00000| Untracked 
|  63|0x0000000085b00000, 0x0000000085b00000, 0x0000000085c00000|  0%| F|  |TAMS 0x0000000085b00000, 0x0000000085b00000| Untracked 
|  64|0x0000000085c00000, 0x0000000085c00000, 0x0000000085d00000|  0%| F|  |TAMS 0x0000000085c00000, 0x0000000085c00000| Untracked 
|  65|0x0000000085d00000, 0x0000000085d00000, 0x0000000085e00000|  0%| F|  |TAMS 0x0000000085d00000, 0x0000000085d00000| Untracked 
|  66|0x0000000085e00000, 0x0000000085e00000, 0x0000000085f00000|  0%| F|  |TAMS 0x0000000085e00000, 0x0000000085e00000| Untracked 
|  67|0x0000000085f00000, 0x0000000085f00000, 0x0000000086000000|  0%| F|  |TAMS 0x0000000085f00000, 0x0000000085f00000| Untracked 
|  68|0x0000000086000000, 0x0000000086000000, 0x0000000086100000|  0%| F|  |TAMS 0x0000000086000000, 0x0000000086000000| Untracked 
|  69|0x0000000086100000, 0x0000000086100000, 0x0000000086200000|  0%| F|  |TAMS 0x0000000086100000, 0x0000000086100000| Untracked 
|  70|0x0000000086200000, 0x0000000086200000, 0x0000000086300000|  0%| F|  |TAMS 0x0000000086200000, 0x0000000086200000| Untracked 
|  71|0x0000000086300000, 0x0000000086300000, 0x0000000086400000|  0%| F|  |TAMS 0x0000000086300000, 0x0000000086300000| Untracked 
|  72|0x0000000086400000, 0x0000000086400000, 0x0000000086500000|  0%| F|  |TAMS 0x0000000086400000, 0x0000000086400000| Untracked 
|  73|0x0000000086500000, 0x0000000086500000, 0x0000000086600000|  0%| F|  |TAMS 0x0000000086500000, 0x0000000086500000| Untracked 
|  74|0x0000000086600000, 0x0000000086600000, 0x0000000086700000|  0%| F|  |TAMS 0x0000000086600000, 0x0000000086600000| Untracked 
|  75|0x0000000086700000, 0x0000000086700000, 0x0000000086800000|  0%| F|  |TAMS 0x0000000086700000, 0x0000000086700000| Untracked 
|  76|0x0000000086800000, 0x0000000086800000, 0x0000000086900000|  0%| F|  |TAMS 0x0000000086800000, 0x0000000086800000| Untracked 
|  77|0x0000000086900000, 0x0000000086900000, 0x0000000086a00000|  0%| F|  |TAMS 0x0000000086900000, 0x0000000086900000| Untracked 
|  78|0x0000000086a00000, 0x0000000086a00000, 0x0000000086b00000|  0%| F|  |TAMS 0x0000000086a00000, 0x0000000086a00000| Untracked 
|  79|0x0000000086b00000, 0x0000000086b00000, 0x0000000086c00000|  0%| F|  |TAMS 0x0000000086b00000, 0x0000000086b00000| Untracked 
|  80|0x0000000086c00000, 0x0000000086c00000, 0x0000000086d00000|  0%| F|  |TAMS 0x0000000086c00000, 0x0000000086c00000| Untracked 
|  81|0x0000000086d00000, 0x0000000086d00000, 0x0000000086e00000|  0%| F|  |TAMS 0x0000000086d00000, 0x0000000086d00000| Untracked 
|  82|0x0000000086e00000, 0x0000000086e00000, 0x0000000086f00000|  0%| F|  |TAMS 0x0000000086e00000, 0x0000000086e00000| Untracked 
|  83|0x0000000086f00000, 0x0000000086f00000, 0x0000000087000000|  0%| F|  |TAMS 0x0000000086f00000, 0x0000000086f00000| Untracked 
|  84|0x0000000087000000, 0x0000000087000000, 0x0000000087100000|  0%| F|  |TAMS 0x0000000087000000, 0x0000000087000000| Untracked 
|  85|0x0000000087100000, 0x0000000087100000, 0x0000000087200000|  0%| F|  |TAMS 0x0000000087100000, 0x0000000087100000| Untracked 
|  86|0x0000000087200000, 0x0000000087200000, 0x0000000087300000|  0%| F|  |TAMS 0x0000000087200000, 0x0000000087200000| Untracked 
|  87|0x0000000087300000, 0x0000000087300000, 0x0000000087400000|  0%| F|  |TAMS 0x0000000087300000, 0x0000000087300000| Untracked 
|  88|0x0000000087400000, 0x0000000087400000, 0x0000000087500000|  0%| F|  |TAMS 0x0000000087400000, 0x0000000087400000| Untracked 
|  89|0x0000000087500000, 0x0000000087500000, 0x0000000087600000|  0%| F|  |TAMS 0x0000000087500000, 0x0000000087500000| Untracked 
|  90|0x0000000087600000, 0x0000000087600000, 0x0000000087700000|  0%| F|  |TAMS 0x0000000087600000, 0x0000000087600000| Untracked 
|  91|0x0000000087700000, 0x0000000087700000, 0x0000000087800000|  0%| F|  |TAMS 0x0000000087700000, 0x0000000087700000| Untracked 
|  92|0x0000000087800000, 0x0000000087800000, 0x0000000087900000|  0%| F|  |TAMS 0x0000000087800000, 0x0000000087800000| Untracked 
|  93|0x0000000087900000, 0x0000000087900000, 0x0000000087a00000|  0%| F|  |TAMS 0x0000000087900000, 0x0000000087900000| Untracked 
|  94|0x0000000087a00000, 0x0000000087a00000, 0x0000000087b00000|  0%| F|  |TAMS 0x0000000087a00000, 0x0000000087a00000| Untracked 
|  95|0x0000000087b00000, 0x0000000087b00000, 0x0000000087c00000|  0%| F|  |TAMS 0x0000000087b00000, 0x0000000087b00000| Untracked 
|  96|0x0000000087c00000, 0x0000000087c00000, 0x0000000087d00000|  0%| F|  |TAMS 0x0000000087c00000, 0x0000000087c00000| Untracked 
|  97|0x0000000087d00000, 0x0000000087d00000, 0x0000000087e00000|  0%| F|  |TAMS 0x0000000087d00000, 0x0000000087d00000| Untracked 
|  98|0x0000000087e00000, 0x0000000087e00000, 0x0000000087f00000|  0%| F|  |TAMS 0x0000000087e00000, 0x0000000087e00000| Untracked 
|  99|0x0000000087f00000, 0x0000000087f00000, 0x0000000088000000|  0%| F|  |TAMS 0x0000000087f00000, 0x0000000087f00000| Untracked 
| 100|0x0000000088000000, 0x0000000088000000, 0x0000000088100000|  0%| F|  |TAMS 0x0000000088000000, 0x0000000088000000| Untracked 
| 101|0x0000000088100000, 0x0000000088100000, 0x0000000088200000|  0%| F|  |TAMS 0x0000000088100000, 0x0000000088100000| Untracked 
| 102|0x0000000088200000, 0x0000000088200000, 0x0000000088300000|  0%| F|  |TAMS 0x0000000088200000, 0x0000000088200000| Untracked 
| 103|0x0000000088300000, 0x0000000088300000, 0x0000000088400000|  0%| F|  |TAMS 0x0000000088300000, 0x0000000088300000| Untracked 
| 104|0x0000000088400000, 0x0000000088400000, 0x0000000088500000|  0%| F|  |TAMS 0x0000000088400000, 0x0000000088400000| Untracked 
| 105|0x0000000088500000, 0x0000000088500000, 0x0000000088600000|  0%| F|  |TAMS 0x0000000088500000, 0x0000000088500000| Untracked 
| 106|0x0000000088600000, 0x0000000088600000, 0x0000000088700000|  0%| F|  |TAMS 0x0000000088600000, 0x0000000088600000| Untracked 
| 107|0x0000000088700000, 0x0000000088700000, 0x0000000088800000|  0%| F|  |TAMS 0x0000000088700000, 0x0000000088700000| Untracked 
| 108|0x0000000088800000, 0x0000000088800000, 0x0000000088900000|  0%| F|  |TAMS 0x0000000088800000, 0x0000000088800000| Untracked 
| 109|0x0000000088900000, 0x0000000088900000, 0x0000000088a00000|  0%| F|  |TAMS 0x0000000088900000, 0x0000000088900000| Untracked 
| 110|0x0000000088a00000, 0x0000000088a00000, 0x0000000088b00000|  0%| F|  |TAMS 0x0000000088a00000, 0x0000000088a00000| Untracked 
| 111|0x0000000088b00000, 0x0000000088b00000, 0x0000000088c00000|  0%| F|  |TAMS 0x0000000088b00000, 0x0000000088b00000| Untracked 
| 112|0x0000000088c00000, 0x0000000088d00000, 0x0000000088d00000|100%| S|CS|TAMS 0x0000000088c00000, 0x0000000088c00000| Complete 
| 113|0x0000000088d00000, 0x0000000088e00000, 0x0000000088e00000|100%| S|CS|TAMS 0x0000000088d00000, 0x0000000088d00000| Complete 
| 114|0x0000000088e00000, 0x0000000088e00000, 0x0000000088f00000|  0%| F|  |TAMS 0x0000000088e00000, 0x0000000088e00000| Untracked 
| 115|0x0000000088f00000, 0x0000000088f00000, 0x0000000089000000|  0%| F|  |TAMS 0x0000000088f00000, 0x0000000088f00000| Untracked 
| 116|0x0000000089000000, 0x0000000089000000, 0x0000000089100000|  0%| F|  |TAMS 0x0000000089000000, 0x0000000089000000| Untracked 
| 117|0x0000000089100000, 0x000000008917ece0, 0x0000000089200000| 49%| E|  |TAMS 0x0000000089100000, 0x0000000089100000| Complete 
| 118|0x0000000089200000, 0x0000000089300000, 0x0000000089300000|100%| E|CS|TAMS 0x0000000089200000, 0x0000000089200000| Complete 
| 119|0x0000000089300000, 0x0000000089400000, 0x0000000089400000|100%| E|  |TAMS 0x0000000089300000, 0x0000000089300000| Complete 
| 120|0x0000000089400000, 0x0000000089500000, 0x0000000089500000|100%| E|CS|TAMS 0x0000000089400000, 0x0000000089400000| Complete 
| 121|0x0000000089500000, 0x0000000089600000, 0x0000000089600000|100%| E|CS|TAMS 0x0000000089500000, 0x0000000089500000| Complete 
| 122|0x0000000089600000, 0x0000000089700000, 0x0000000089700000|100%| E|CS|TAMS 0x0000000089600000, 0x0000000089600000| Complete 
| 123|0x0000000089700000, 0x0000000089800000, 0x0000000089800000|100%| E|CS|TAMS 0x0000000089700000, 0x0000000089700000| Complete 
| 124|0x0000000089800000, 0x0000000089900000, 0x0000000089900000|100%| E|CS|TAMS 0x0000000089800000, 0x0000000089800000| Complete 
| 125|0x0000000089900000, 0x0000000089a00000, 0x0000000089a00000|100%| E|CS|TAMS 0x0000000089900000, 0x0000000089900000| Complete 
| 126|0x0000000089a00000, 0x0000000089b00000, 0x0000000089b00000|100%| E|CS|TAMS 0x0000000089a00000, 0x0000000089a00000| Complete 
| 127|0x0000000089b00000, 0x0000000089c00000, 0x0000000089c00000|100%| E|CS|TAMS 0x0000000089b00000, 0x0000000089b00000| Complete 

Card table byte_map: [0x000002c9eb2a0000,0x000002c9eb6a0000] _byte_map_base: 0x000002c9eae92000

Marking Bits (Prev, Next): (CMBitMap*) 0x000002c9d482ed38, (CMBitMap*) 0x000002c9d482ed70
 Prev Bits: [0x000002c9ebaa0000, 0x000002c9eda30000)
 Next Bits: [0x000002c9eda30000, 0x000002c9ef9c0000)

Polling page: 0x000002c9d2740000

Metaspace:

Usage:
  Non-class:     11.14 MB capacity,    10.95 MB ( 98%) used,   155.50 KB (  1%) free+waste,    34.19 KB ( <1%) overhead. 
      Class:      1.49 MB capacity,     1.34 MB ( 90%) used,   139.09 KB (  9%) free+waste,    18.56 KB (  1%) overhead. 
       Both:     12.63 MB capacity,    12.29 MB ( 97%) used,   294.59 KB (  2%) free+waste,    52.75 KB ( <1%) overhead. 

Virtual space:
  Non-class space:       12.00 MB reserved,      11.25 MB ( 94%) committed 
      Class space:        1.00 GB reserved,       1.50 MB ( <1%) committed 
             Both:        1.01 GB reserved,      12.75 MB (  1%) committed 

Chunk freelists:
   Non-Class:  6.50 KB
       Class:  1.25 KB
        Both:  7.75 KB

CodeHeap 'non-profiled nmethods': size=120064Kb used=286Kb max_used=286Kb free=119777Kb
 bounds [0x000002c9e3960000, 0x000002c9e3bd0000, 0x000002c9eaea0000]
CodeHeap 'profiled nmethods': size=120000Kb used=1699Kb max_used=1699Kb free=118300Kb
 bounds [0x000002c9dc430000, 0x000002c9dc6a0000, 0x000002c9e3960000]
CodeHeap 'non-nmethods': size=5696Kb used=1140Kb max_used=1140Kb free=4555Kb
 bounds [0x000002c9dbea0000, 0x000002c9dc110000, 0x000002c9dc430000]
 total_blobs=1509 nmethods=1036 adapters=385
 compilation: enabled
              stopped_count=0, restarted_count=0
 full_count=0

Compilation events (10 events):
Event: 0.633 Thread 0x000002c9f1ec9000  978       3       sun.invoke.util.VerifyAccess::isTypeVisible (47 bytes)
Event: 0.633 Thread 0x000002c9f1ec9000 nmethod 978 0x000002c9dc5b2790 code [0x000002c9dc5b2960, 0x000002c9dc5b2d38]
Event: 0.633 Thread 0x000002c9f1ec9000  979       1       java.util.HashMap$Node::getKey (5 bytes)
Event: 0.633 Thread 0x000002c9f1ec9000 nmethod 979 0x000002c9e39a5a90 code [0x000002c9e39a5c20, 0x000002c9e39a5cd8]
Event: 0.633 Thread 0x000002c9f1ec9000  980       1       java.util.HashMap$Node::getValue (5 bytes)
Event: 0.633 Thread 0x000002c9f1ec9000 nmethod 980 0x000002c9e39a5d90 code [0x000002c9e39a5f20, 0x000002c9e39a5fd8]
Event: 0.633 Thread 0x000002c9f1ec9000  974       3       jdk.internal.org.objectweb.asm.MethodWriter::getSize (838 bytes)
Event: 0.635 Thread 0x000002c9f1ec9000 nmethod 974 0x000002c9dc5b2f10 code [0x000002c9dc5b33a0, 0x000002c9dc5b5268]
Event: 0.635 Thread 0x000002c9f1ec9000  976       3       java.lang.Enum::<init> (15 bytes)
Event: 0.635 Thread 0x000002c9f1ec9000 nmethod 976 0x000002c9dc5b6010 code [0x000002c9dc5b61a0, 0x000002c9dc5b6358]

GC Heap History (2 events):
Event: 0.513 GC heap before
{Heap before GC invocations=0 (full 0):
 garbage-first heap   total 131072K, used 14336K [0x0000000081c00000, 0x0000000100000000)
  region size 1024K, 14 young (14336K), 0 survivors (0K)
 Metaspace       used 8938K, capacity 9203K, committed 9472K, reserved 1058816K
  class space    used 891K, capacity 1000K, committed 1024K, reserved 1048576K
}
Event: 0.515 GC heap after
{Heap after GC invocations=1 (full 0):
 garbage-first heap   total 131072K, used 2162K [0x0000000081c00000, 0x0000000100000000)
  region size 1024K, 2 young (2048K), 2 survivors (2048K)
 Metaspace       used 8938K, capacity 9203K, committed 9472K, reserved 1058816K
  class space    used 891K, capacity 1000K, committed 1024K, reserved 1048576K
}

Deoptimization events (2 events):
Event: 0.297 Thread 0x000002c9d47ef800 Uncommon trap: reason=unstable_if action=reinterpret pc=0x000002c9e39636f0 method=java.lang.String.isLatin1()Z @ 10 c2
Event: 0.311 Thread 0x000002c9d47ef800 Uncommon trap: reason=unstable_if action=reinterpret pc=0x000002c9e3973b4c method=java.lang.String.substring(II)Ljava/lang/String; @ 22 c2

Classes redefined (0 events):
No events

Internal exceptions (10 events):
Event: 0.517 Thread 0x000002c9d47ef800 Exception <a 'java/lang/NoSuchMethodError'{0x0000000089b08850}: java.lang.invoke.DirectMethodHandle$Holder.invokeStatic(Ljava/lang/Object;Ljava/lang/Object;ILjava/lang/Object;)Ljava/lang/Object;> (0x0000000089b08850) thrown at [./open/src/hotspot/share/in
Event: 0.517 Thread 0x000002c9d47ef800 Exception <a 'java/lang/NoSuchMethodError'{0x0000000089b0f320}: java.lang.invoke.Invokers$Holder.linkToTargetMethod(Ljava/lang/Object;ILjava/lang/Object;Ljava/lang/Object;)Ljava/lang/Object;> (0x0000000089b0f320) thrown at [./open/src/hotspot/share/interp
Event: 0.568 Thread 0x000002c9f2f96800 Exception <a 'java/lang/NoSuchMethodError'{0x000000008991f4b8}: java.lang.invoke.DirectMethodHandle$Holder.invokeStaticInit(Ljava/lang/Object;)V> (0x000000008991f4b8) thrown at [./open/src/hotspot/share/interpreter/linkResolver.cpp, line 772]
Event: 0.570 Thread 0x000002c9d47ef800 Exception <a 'java/lang/NoSuchMethodError'{0x0000000089b1f160}: java.lang.invoke.Invokers$Holder.linkToTargetMethod(Ljava/lang/Object;Ljava/lang/Object;Ljava/lang/Object;Ljava/lang/Object;Ljava/lang/Object;Ljava/lang/Object;)Ljava/lang/Object;> (0x0000000
Event: 0.579 Thread 0x000002c9f2efe800 Exception <a 'java/lang/NoSuchMethodError'{0x00000000898032e8}: java.lang.invoke.DirectMethodHandle$Holder.invokeStatic(Ljava/lang/Object;Ljava/lang/Object;Ljava/lang/Object;Ljava/lang/Object;)V> (0x00000000898032e8) thrown at [./open/src/hotspot/share/in
Event: 0.617 Thread 0x000002c9f2f96800 Exception <a 'java/lang/NoSuchMethodError'{0x00000000896c76c0}: java.lang.invoke.DirectMethodHandle$Holder.invokeStatic(Ljava/lang/Object;Ljava/lang/Object;Ljava/lang/Object;Ljava/lang/Object;Ljava/lang/Object;Ljava/lang/Object;Ljava/lang/Object;Ljava/lan
Event: 0.618 Thread 0x000002c9f2f96800 Exception <a 'java/lang/NoSuchMethodError'{0x00000000896d5420}: java.lang.invoke.DirectMethodHandle$Holder.invokeStatic(Ljava/lang/Object;Ljava/lang/Object;Ljava/lang/Object;Ljava/lang/Object;Ljava/lang/Object;Ljava/lang/Object;Ljava/lang/Object;Ljava/lan
Event: 0.619 Thread 0x000002c9f2f96800 Exception <a 'java/lang/NoSuchMethodError'{0x00000000896e3088}: java.lang.invoke.DirectMethodHandle$Holder.invokeSpecial(Ljava/lang/Object;Ljava/lang/Object;IILjava/lang/Object;Ljava/lang/Object;Ljava/lang/Object;)Ljava/lang/Object;> (0x00000000896e3088) 
Event: 0.619 Thread 0x000002c9f2f96800 Exception <a 'java/lang/NoSuchMethodError'{0x00000000896e6610}: java.lang.invoke.DelegatingMethodHandle$Holder.reinvoke_L(Ljava/lang/Object;IILjava/lang/Object;Ljava/lang/Object;Ljava/lang/Object;)Ljava/lang/Object;> (0x00000000896e6610) thrown at [./open
Event: 0.619 Thread 0x000002c9f2f96800 Exception <a 'java/lang/NoSuchMethodError'{0x00000000896ea798}: java.lang.invoke.DirectMethodHandle$Holder.invokeStatic(Ljava/lang/Object;Ljava/lang/Object;Ljava/lang/Object;Ljava/lang/Object;I)Ljava/lang/Object;> (0x00000000896ea798) thrown at [./open/sr

Events (10 events):
Event: 0.638 loading class com/sun/xml/internal/stream/Entity$ScannedEntity
Event: 0.638 loading class com/sun/xml/internal/stream/Entity
Event: 0.638 loading class com/sun/xml/internal/stream/Entity done
Event: 0.638 loading class com/sun/xml/internal/stream/Entity$ScannedEntity done
Event: 0.638 loading class com/sun/xml/internal/stream/util/ThreadLocalBufferAllocator
Event: 0.638 loading class com/sun/xml/internal/stream/util/ThreadLocalBufferAllocator done
Event: 0.638 loading class com/sun/xml/internal/stream/util/BufferAllocator
Event: 0.639 loading class com/sun/xml/internal/stream/util/BufferAllocator done
Event: 0.639 loading class com/sun/org/apache/xerces/internal/util/XMLChar
Event: 0.639 loading class com/sun/org/apache/xerces/internal/util/XMLChar done


Dynamic libraries:
0x00007ff661f60000 - 0x00007ff661f6f000 	C:\Program Files\Java\jdk-11.0.15.1\bin\java.exe
0x00007ff881230000 - 0x00007ff881425000 	C:\WINDOWS\SYSTEM32\ntdll.dll
0x00007ff857cc0000 - 0x00007ff857cd6000 	C:\Program Files\AVG\Antivirus\aswhook.dll
0x00007ff8804d0000 - 0x00007ff88058d000 	C:\WINDOWS\System32\KERNEL32.DLL
0x00007ff87efb0000 - 0x00007ff87f27d000 	C:\WINDOWS\System32\KERNELBASE.dll
0x00007ff87ed40000 - 0x00007ff87ee40000 	C:\WINDOWS\System32\ucrtbase.dll
0x00007ff876520000 - 0x00007ff876538000 	C:\Program Files\Java\jdk-11.0.15.1\bin\jli.dll
0x00007ff86ef50000 - 0x00007ff86ef65000 	C:\Program Files\Java\jdk-11.0.15.1\bin\VCRUNTIME140.dll
0x00007ff880610000 - 0x00007ff8806be000 	C:\WINDOWS\System32\ADVAPI32.dll
0x00007ff87fa90000 - 0x00007ff87fb2e000 	C:\WINDOWS\System32\msvcrt.dll
0x00007ff880a00000 - 0x00007ff880a9c000 	C:\WINDOWS\System32\sechost.dll
0x00007ff87f280000 - 0x00007ff87f3a5000 	C:\WINDOWS\System32\RPCRT4.dll
0x00007ff87fb30000 - 0x00007ff87fcd0000 	C:\WINDOWS\System32\USER32.dll
0x00007ff87ec80000 - 0x00007ff87eca2000 	C:\WINDOWS\System32\win32u.dll
0x00007ff87feb0000 - 0x00007ff87feda000 	C:\WINDOWS\System32\GDI32.dll
0x00007ff868d40000 - 0x00007ff868fda000 	C:\WINDOWS\WinSxS\amd64_microsoft.windows.common-controls_6595b64144ccf1df_6.0.19041.1110_none_60b5254171f9507e\COMCTL32.dll
0x00007ff87eb70000 - 0x00007ff87ec7b000 	C:\WINDOWS\System32\gdi32full.dll
0x00007ff87ead0000 - 0x00007ff87eb6d000 	C:\WINDOWS\System32\msvcp_win.dll
0x00007ff8703e0000 - 0x00007ff8703ea000 	C:\WINDOWS\SYSTEM32\VERSION.dll
0x00007ff87fa60000 - 0x00007ff87fa90000 	C:\WINDOWS\System32\IMM32.DLL
0x00007ff852e40000 - 0x00007ff852edb000 	C:\Program Files\Java\jdk-11.0.15.1\bin\msvcp140.dll
0x00007ff81c270000 - 0x00007ff81cd86000 	C:\Program Files\Java\jdk-11.0.15.1\bin\server\jvm.dll
0x00007ff87fd70000 - 0x00007ff87fd78000 	C:\WINDOWS\System32\PSAPI.DLL
0x00007ff86c460000 - 0x00007ff86c469000 	C:\WINDOWS\SYSTEM32\WSOCK32.dll
0x00007ff868aa0000 - 0x00007ff868ac7000 	C:\WINDOWS\SYSTEM32\WINMM.dll
0x00007ff87fe40000 - 0x00007ff87feab000 	C:\WINDOWS\System32\WS2_32.dll
0x00007ff87d200000 - 0x00007ff87d212000 	C:\WINDOWS\SYSTEM32\kernel.appcore.dll
0x00007ff878310000 - 0x00007ff878320000 	C:\Program Files\Java\jdk-11.0.15.1\bin\verify.dll
0x00007ff87cee0000 - 0x00007ff87d0c4000 	C:\WINDOWS\SYSTEM32\DBGHELP.DLL
0x00007ff86fd80000 - 0x00007ff86fdac000 	C:\WINDOWS\SYSTEM32\dbgcore.DLL
0x00007ff87ecb0000 - 0x00007ff87ed32000 	C:\WINDOWS\System32\bcryptPrimitives.dll
0x00007ff867b60000 - 0x00007ff867b88000 	C:\Program Files\Java\jdk-11.0.15.1\bin\java.dll
0x00007ff8782f0000 - 0x00007ff8782fa000 	C:\Program Files\Java\jdk-11.0.15.1\bin\jimage.dll
0x00007ff86bf90000 - 0x00007ff86bfa6000 	C:\Program Files\Java\jdk-11.0.15.1\bin\zip.dll
0x00007ff880aa0000 - 0x00007ff8811e4000 	C:\WINDOWS\System32\SHELL32.dll
0x00007ff87c670000 - 0x00007ff87ce04000 	C:\WINDOWS\SYSTEM32\windows.storage.dll
0x00007ff87f480000 - 0x00007ff87f7d4000 	C:\WINDOWS\System32\combase.dll
0x00007ff87e3a0000 - 0x00007ff87e3cc000 	C:\WINDOWS\SYSTEM32\Wldp.dll
0x00007ff87ff40000 - 0x00007ff87ffed000 	C:\WINDOWS\System32\SHCORE.dll
0x00007ff8809a0000 - 0x00007ff8809f5000 	C:\WINDOWS\System32\shlwapi.dll
0x00007ff87e880000 - 0x00007ff87e89f000 	C:\WINDOWS\SYSTEM32\profapi.dll
0x00007ff867b40000 - 0x00007ff867b59000 	C:\Program Files\Java\jdk-11.0.15.1\bin\net.dll
0x00007ff86d660000 - 0x00007ff86d76a000 	C:\WINDOWS\SYSTEM32\WINHTTP.dll
0x00007ff87e100000 - 0x00007ff87e16a000 	C:\WINDOWS\system32\mswsock.dll
0x00007ff8679e0000 - 0x00007ff8679f2000 	C:\Program Files\Java\jdk-11.0.15.1\bin\nio.dll
0x000002c9d27d0000 - 0x000002c9d27d3000 	C:\Users\Daniel Roberts\Downloads\openjfx-18.0.1_windows-x64_bin-sdk\javafx-sdk-18.0.1\bin\api-ms-win-core-console-l1-1-0.dll
0x000002c9d27e0000 - 0x000002c9d27e3000 	C:\Users\Daniel Roberts\Downloads\openjfx-18.0.1_windows-x64_bin-sdk\javafx-sdk-18.0.1\bin\api-ms-win-core-console-l1-2-0.dll
0x000002c9d27f0000 - 0x000002c9d27f3000 	C:\Users\Daniel Roberts\Downloads\openjfx-18.0.1_windows-x64_bin-sdk\javafx-sdk-18.0.1\bin\api-ms-win-core-datetime-l1-1-0.dll
0x000002c9d2800000 - 0x000002c9d2803000 	C:\Users\Daniel Roberts\Downloads\openjfx-18.0.1_windows-x64_bin-sdk\javafx-sdk-18.0.1\bin\api-ms-win-core-debug-l1-1-0.dll
0x000002c9d2810000 - 0x000002c9d2813000 	C:\Users\Daniel Roberts\Downloads\openjfx-18.0.1_windows-x64_bin-sdk\javafx-sdk-18.0.1\bin\api-ms-win-core-errorhandling-l1-1-0.dll
0x000002c9d4700000 - 0x000002c9d4704000 	C:\Users\Daniel Roberts\Downloads\openjfx-18.0.1_windows-x64_bin-sdk\javafx-sdk-18.0.1\bin\api-ms-win-core-file-l1-1-0.dll
0x000002c9d4710000 - 0x000002c9d4713000 	C:\Users\Daniel Roberts\Downloads\openjfx-18.0.1_windows-x64_bin-sdk\javafx-sdk-18.0.1\bin\api-ms-win-core-file-l1-2-0.dll
0x000002c9d4720000 - 0x000002c9d4723000 	C:\Users\Daniel Roberts\Downloads\openjfx-18.0.1_windows-x64_bin-sdk\javafx-sdk-18.0.1\bin\api-ms-win-core-file-l2-1-0.dll
0x000002c9d4730000 - 0x000002c9d4733000 	C:\Users\Daniel Roberts\Downloads\openjfx-18.0.1_windows-x64_bin-sdk\javafx-sdk-18.0.1\bin\api-ms-win-core-handle-l1-1-0.dll
0x000002c9d4740000 - 0x000002c9d4743000 	C:\Users\Daniel Roberts\Downloads\openjfx-18.0.1_windows-x64_bin-sdk\javafx-sdk-18.0.1\bin\api-ms-win-core-heap-l1-1-0.dll
0x000002c9d4750000 - 0x000002c9d4753000 	C:\Users\Daniel Roberts\Downloads\openjfx-18.0.1_windows-x64_bin-sdk\javafx-sdk-18.0.1\bin\api-ms-win-core-interlocked-l1-1-0.dll
0x000002c9d4760000 - 0x000002c9d4763000 	C:\Users\Daniel Roberts\Downloads\openjfx-18.0.1_windows-x64_bin-sdk\javafx-sdk-18.0.1\bin\api-ms-win-core-libraryloader-l1-1-0.dll
0x000002c9d4770000 - 0x000002c9d4773000 	C:\Users\Daniel Roberts\Downloads\openjfx-18.0.1_windows-x64_bin-sdk\javafx-sdk-18.0.1\bin\api-ms-win-core-localization-l1-2-0.dll
0x000002c9d4780000 - 0x000002c9d4783000 	C:\Users\Daniel Roberts\Downloads\openjfx-18.0.1_windows-x64_bin-sdk\javafx-sdk-18.0.1\bin\api-ms-win-core-memory-l1-1-0.dll
0x000002c9d4790000 - 0x000002c9d4793000 	C:\Users\Daniel Roberts\Downloads\openjfx-18.0.1_windows-x64_bin-sdk\javafx-sdk-18.0.1\bin\api-ms-win-core-namedpipe-l1-1-0.dll
0x000002c9d47a0000 - 0x000002c9d47a3000 	C:\Users\Daniel Roberts\Downloads\openjfx-18.0.1_windows-x64_bin-sdk\javafx-sdk-18.0.1\bin\api-ms-win-core-processenvironment-l1-1-0.dll
0x000002c9d47b0000 - 0x000002c9d47b3000 	C:\Users\Daniel Roberts\Downloads\openjfx-18.0.1_windows-x64_bin-sdk\javafx-sdk-18.0.1\bin\api-ms-win-core-processthreads-l1-1-0.dll
0x000002c9d47c0000 - 0x000002c9d47c3000 	C:\Users\Daniel Roberts\Downloads\openjfx-18.0.1_windows-x64_bin-sdk\javafx-sdk-18.0.1\bin\api-ms-win-core-processthreads-l1-1-1.dll
0x000002c9f33f0000 - 0x000002c9f33f3000 	C:\Users\Daniel Roberts\Downloads\openjfx-18.0.1_windows-x64_bin-sdk\javafx-sdk-18.0.1\bin\api-ms-win-core-profile-l1-1-0.dll
0x000002c9f3400000 - 0x000002c9f3403000 	C:\Users\Daniel Roberts\Downloads\openjfx-18.0.1_windows-x64_bin-sdk\javafx-sdk-18.0.1\bin\api-ms-win-core-rtlsupport-l1-1-0.dll
0x000002c9f3410000 - 0x000002c9f3413000 	C:\Users\Daniel Roberts\Downloads\openjfx-18.0.1_windows-x64_bin-sdk\javafx-sdk-18.0.1\bin\api-ms-win-core-string-l1-1-0.dll
0x000002c9f3420000 - 0x000002c9f3423000 	C:\Users\Daniel Roberts\Downloads\openjfx-18.0.1_windows-x64_bin-sdk\javafx-sdk-18.0.1\bin\api-ms-win-core-synch-l1-1-0.dll
0x000002c9f3430000 - 0x000002c9f3433000 	C:\Users\Daniel Roberts\Downloads\openjfx-18.0.1_windows-x64_bin-sdk\javafx-sdk-18.0.1\bin\api-ms-win-core-synch-l1-2-0.dll
0x000002c9f3440000 - 0x000002c9f3443000 	C:\Users\Daniel Roberts\Downloads\openjfx-18.0.1_windows-x64_bin-sdk\javafx-sdk-18.0.1\bin\api-ms-win-core-sysinfo-l1-1-0.dll
0x000002c9f3450000 - 0x000002c9f3453000 	C:\Users\Daniel Roberts\Downloads\openjfx-18.0.1_windows-x64_bin-sdk\javafx-sdk-18.0.1\bin\api-ms-win-core-timezone-l1-1-0.dll
0x000002c9f3460000 - 0x000002c9f3463000 	C:\Users\Daniel Roberts\Downloads\openjfx-18.0.1_windows-x64_bin-sdk\javafx-sdk-18.0.1\bin\api-ms-win-core-util-l1-1-0.dll
0x000002c9f3470000 - 0x000002c9f3473000 	C:\Users\Daniel Roberts\Downloads\openjfx-18.0.1_windows-x64_bin-sdk\javafx-sdk-18.0.1\bin\api-ms-win-crt-conio-l1-1-0.dll
0x000002c9f3480000 - 0x000002c9f3484000 	C:\Users\Daniel Roberts\Downloads\openjfx-18.0.1_windows-x64_bin-sdk\javafx-sdk-18.0.1\bin\api-ms-win-crt-convert-l1-1-0.dll
0x000002c9f3490000 - 0x000002c9f3493000 	C:\Users\Daniel Roberts\Downloads\openjfx-18.0.1_windows-x64_bin-sdk\javafx-sdk-18.0.1\bin\api-ms-win-crt-environment-l1-1-0.dll
0x000002c9f34a0000 - 0x000002c9f34a3000 	C:\Users\Daniel Roberts\Downloads\openjfx-18.0.1_windows-x64_bin-sdk\javafx-sdk-18.0.1\bin\api-ms-win-crt-filesystem-l1-1-0.dll
0x000002c9f34b0000 - 0x000002c9f34b3000 	C:\Users\Daniel Roberts\Downloads\openjfx-18.0.1_windows-x64_bin-sdk\javafx-sdk-18.0.1\bin\api-ms-win-crt-heap-l1-1-0.dll
0x000002c9f34c0000 - 0x000002c9f34c3000 	C:\Users\Daniel Roberts\Downloads\openjfx-18.0.1_windows-x64_bin-sdk\javafx-sdk-18.0.1\bin\api-ms-win-crt-locale-l1-1-0.dll
0x000002c9f34d0000 - 0x000002c9f34d5000 	C:\Users\Daniel Roberts\Downloads\openjfx-18.0.1_windows-x64_bin-sdk\javafx-sdk-18.0.1\bin\api-ms-win-crt-math-l1-1-0.dll
0x000002c9f34e0000 - 0x000002c9f34e5000 	C:\Users\Daniel Roberts\Downloads\openjfx-18.0.1_windows-x64_bin-sdk\javafx-sdk-18.0.1\bin\api-ms-win-crt-multibyte-l1-1-0.dll
0x000002c9f34f0000 - 0x000002c9f3500000 	C:\Users\Daniel Roberts\Downloads\openjfx-18.0.1_windows-x64_bin-sdk\javafx-sdk-18.0.1\bin\api-ms-win-crt-private-l1-1-0.dll
0x000002c9f3500000 - 0x000002c9f3503000 	C:\Users\Daniel Roberts\Downloads\openjfx-18.0.1_windows-x64_bin-sdk\javafx-sdk-18.0.1\bin\api-ms-win-crt-process-l1-1-0.dll
0x000002c9f3510000 - 0x000002c9f3514000 	C:\Users\Daniel Roberts\Downloads\openjfx-18.0.1_windows-x64_bin-sdk\javafx-sdk-18.0.1\bin\api-ms-win-crt-runtime-l1-1-0.dll
0x000002c9f3520000 - 0x000002c9f3524000 	C:\Users\Daniel Roberts\Downloads\openjfx-18.0.1_windows-x64_bin-sdk\javafx-sdk-18.0.1\bin\api-ms-win-crt-stdio-l1-1-0.dll
0x000002c9f3530000 - 0x000002c9f3534000 	C:\Users\Daniel Roberts\Downloads\openjfx-18.0.1_windows-x64_bin-sdk\javafx-sdk-18.0.1\bin\api-ms-win-crt-string-l1-1-0.dll
0x000002c9f3540000 - 0x000002c9f3543000 	C:\Users\Daniel Roberts\Downloads\openjfx-18.0.1_windows-x64_bin-sdk\javafx-sdk-18.0.1\bin\api-ms-win-crt-time-l1-1-0.dll
0x000002c9f3550000 - 0x000002c9f3553000 	C:\Users\Daniel Roberts\Downloads\openjfx-18.0.1_windows-x64_bin-sdk\javafx-sdk-18.0.1\bin\api-ms-win-crt-utility-l1-1-0.dll
0x00007ff85ccc0000 - 0x00007ff85cdbc000 	C:\Users\Daniel Roberts\Downloads\openjfx-18.0.1_windows-x64_bin-sdk\javafx-sdk-18.0.1\bin\ucrtbase.dll
0x00007ff876230000 - 0x00007ff87624a000 	C:\Users\Daniel Roberts\Downloads\openjfx-18.0.1_windows-x64_bin-sdk\javafx-sdk-18.0.1\bin\vcruntime140.dll
0x00007ff878320000 - 0x00007ff87832c000 	C:\Users\Daniel Roberts\Downloads\openjfx-18.0.1_windows-x64_bin-sdk\javafx-sdk-18.0.1\bin\vcruntime140_1.dll
0x00007ff85c250000 - 0x00007ff85c2dd000 	C:\Users\Daniel Roberts\Downloads\openjfx-18.0.1_windows-x64_bin-sdk\javafx-sdk-18.0.1\bin\msvcp140.dll
0x00007ff867ec0000 - 0x00007ff867eec000 	C:\Users\Daniel Roberts\Downloads\openjfx-18.0.1_windows-x64_bin-sdk\javafx-sdk-18.0.1\bin\prism_d3d.dll
0x00007ff86c070000 - 0x00007ff86c23f000 	C:\WINDOWS\system32\d3d9.dll
0x00007ff87c1a0000 - 0x00007ff87c1cf000 	C:\WINDOWS\SYSTEM32\dwmapi.dll
0x00007ff87bae0000 - 0x00007ff87bb7e000 	C:\WINDOWS\system32\uxtheme.dll
0x00007ff8340e0000 - 0x00007ff834243000 	C:\WINDOWS\System32\DriverStore\FileRepository\igdlh64.inf_amd64_45855586d601d062\igdumdim64.dll
0x00007ff880870000 - 0x00007ff88099a000 	C:\WINDOWS\System32\ole32.dll
0x00007fffc2c40000 - 0x00007fffc744f000 	C:\WINDOWS\System32\DriverStore\FileRepository\igdlh64.inf_amd64_45855586d601d062\igd9dxva64.dll
0x00007ff87f3b0000 - 0x00007ff87f47d000 	C:\WINDOWS\System32\OLEAUT32.dll
0x00007ff880050000 - 0x00007ff8804c1000 	C:\WINDOWS\System32\SETUPAPI.dll
0x00007ff87eeb0000 - 0x00007ff87eefe000 	C:\WINDOWS\System32\cfgmgr32.dll
0x00007ff87e940000 - 0x00007ff87e967000 	C:\WINDOWS\System32\bcrypt.dll
0x00007ff8731d0000 - 0x00007ff87347a000 	C:\WINDOWS\System32\DriverStore\FileRepository\igdlh64.inf_amd64_45855586d601d062\igdgmm64.dll
0x00007ff85d1e0000 - 0x00007ff85d222000 	C:\Users\Daniel Roberts\Downloads\openjfx-18.0.1_windows-x64_bin-sdk\javafx-sdk-18.0.1\bin\glass.dll
0x00007ff87f900000 - 0x00007ff87f9db000 	C:\WINDOWS\System32\COMDLG32.dll
0x00007ff87f7e0000 - 0x00007ff87f8f5000 	C:\WINDOWS\System32\MSCTF.dll
0x00007ff874e20000 - 0x00007ff874e5b000 	C:\WINDOWS\SYSTEM32\dxcore.dll

dbghelp: loaded successfully - version: 4.0.5 - missing functions: none
symbol engine: initialized successfully - sym options: 0x614 - pdb path: .;C:\Program Files\Java\jdk-11.0.15.1\bin;C:\WINDOWS\SYSTEM32;C:\Program Files\AVG\Antivirus;C:\WINDOWS\WinSxS\amd64_microsoft.windows.common-controls_6595b64144ccf1df_6.0.19041.1110_none_60b5254171f9507e;C:\Program Files\Java\jdk-11.0.15.1\bin\server;C:\Users\Daniel Roberts\Downloads\openjfx-18.0.1_windows-x64_bin-sdk\javafx-sdk-18.0.1\bin;C:\WINDOWS\System32\DriverStore\FileRepository\igdlh64.inf_amd64_45855586d601d062

VM Arguments:
jvm_args: -Dfile.encoding=UTF-8 --add-modules=javafx.fxml,javafx.controls,javafx.graphics --module-path=C:\Users\Daniel Roberts\Documents\NetBeansProjects\Main\build\classes;C:\Users\Daniel Roberts\Downloads\openjfx-18.0.1_windows-x64_bin-sdk\javafx-sdk-18.0.1\lib\javafx.base.jar;C:\Users\Daniel Roberts\Downloads\openjfx-18.0.1_windows-x64_bin-sdk\javafx-sdk-18.0.1\lib\javafx.controls.jar;C:\Users\Daniel Roberts\Downloads\openjfx-18.0.1_windows-x64_bin-sdk\javafx-sdk-18.0.1\lib\javafx.fxml.jar;C:\Users\Daniel Roberts\Downloads\openjfx-18.0.1_windows-x64_bin-sdk\javafx-sdk-18.0.1\lib\javafx.graphics.jar;C:\Users\Daniel Roberts\Downloads\openjfx-18.0.1_windows-x64_bin-sdk\javafx-sdk-18.0.1\lib\javafx.media.jar;C:\Users\Daniel Roberts\Downloads\openjfx-18.0.1_windows-x64_bin-sdk\javafx-sdk-18.0.1\lib\javafx.swing.jar;C:\Users\Daniel Roberts\Downloads\openjfx-18.0.1_windows-x64_bin-sdk\javafx-sdk-18.0.1\lib\javafx.web.jar;C:\Users\Daniel Roberts\Downloads\openjfx-18.0.1_windows-x64_bin-sdk\javafx-sdk-18.0.1\lib\javafx-swt.jar 
java_command: main.Main
java_class_path (initial): C:\Users\Daniel Roberts\Downloads\openjfx-18.0.1_windows-x64_bin-sdk\javafx-sdk-18.0.1\lib\javafx.base.jar;C:\Users\Daniel Roberts\Downloads\openjfx-18.0.1_windows-x64_bin-sdk\javafx-sdk-18.0.1\lib\javafx.controls.jar;C:\Users\Daniel Roberts\Downloads\openjfx-18.0.1_windows-x64_bin-sdk\javafx-sdk-18.0.1\lib\javafx.fxml.jar;C:\Users\Daniel Roberts\Downloads\openjfx-18.0.1_windows-x64_bin-sdk\javafx-sdk-18.0.1\lib\javafx.graphics.jar;C:\Users\Daniel Roberts\Downloads\openjfx-18.0.1_windows-x64_bin-sdk\javafx-sdk-18.0.1\lib\javafx.media.jar;C:\Users\Daniel Roberts\Downloads\openjfx-18.0.1_windows-x64_bin-sdk\javafx-sdk-18.0.1\lib\javafx.swing.jar;C:\Users\Daniel Roberts\Downloads\openjfx-18.0.1_windows-x64_bin-sdk\javafx-sdk-18.0.1\lib\javafx.web.jar;C:\Users\Daniel Roberts\Downloads\openjfx-18.0.1_windows-x64_bin-sdk\javafx-sdk-18.0.1\lib\javafx-swt.jar;C:\Users\Daniel Roberts\Documents\NetBeansProjects\Main\build\classes
Launcher Type: SUN_STANDARD

[Global flags]
     intx CICompilerCount                          = 3                                         {product} {ergonomic}
     uint ConcGCThreads                            = 1                                         {product} {ergonomic}
     uint G1ConcRefinementThreads                  = 4                                         {product} {ergonomic}
   size_t G1HeapRegionSize                         = 1048576                                   {product} {ergonomic}
    uintx GCDrainStackTargetSize                   = 64                                        {product} {ergonomic}
   size_t InitialHeapSize                          = 134217728                                 {product} {ergonomic}
   size_t MarkStackSize                            = 4194304                                   {product} {ergonomic}
   size_t MaxHeapSize                              = 2118123520                                {product} {ergonomic}
   size_t MaxNewSize                               = 1270874112                                {product} {ergonomic}
   size_t MinHeapDeltaBytes                        = 1048576                                   {product} {ergonomic}
    uintx NonNMethodCodeHeapSize                   = 5830732                                {pd product} {ergonomic}
    uintx NonProfiledCodeHeapSize                  = 122913754                              {pd product} {ergonomic}
    uintx ProfiledCodeHeapSize                     = 122913754                              {pd product} {ergonomic}
    uintx ReservedCodeCacheSize                    = 251658240                              {pd product} {ergonomic}
     bool SegmentedCodeCache                       = true                                      {product} {ergonomic}
     bool UseCompressedClassPointers               = true                                 {lp64_product} {ergonomic}
     bool UseCompressedOops                        = true                                 {lp64_product} {ergonomic}
     bool UseG1GC                                  = true                                      {product} {ergonomic}
     bool UseLargePagesIndividualAllocation        = false                                  {pd product} {ergonomic}

Logging:
Log output configuration:
 #0: stdout all=warning uptime,level,tags
 #1: stderr all=off uptime,level,tags

Environment Variables:
PATH=C:\Program Files\Common Files\Oracle\Java\javapath;C:\Program Files (x86)\Common Files\Oracle\Java\javapath;C:\Windows\system32;C:\Windows;C:\Windows\System32\Wbem;C:\Windows\System32\WindowsPowerShell\v1.0\;C:\Program Files (x86)\NVIDIA Corporation\PhysX\Common;C:\WINDOWS\system32;C:\WINDOWS;C:\WINDOWS\System32\Wbem;C:\WINDOWS\System32\WindowsPowerShell\v1.0\;C:\WINDOWS\System32\OpenSSH\;C:\Program Files (x86)\Intel\Intel(R) Management Engine Components\DAL;C:\Program Files\Intel\Intel(R) Management Engine Components\DAL;C:\Program Files\dotnet\;C:\Program Files\Microsoft SQL Server\150\Tools\Binn\;C:\Program Files\Microsoft SQL Server\Client SDK\ODBC\170\Tools\Binn\;C:\Program Files\Git\cmd;C:\Program Files\MySQL\MySQL Shell 8.0\bin\;C:\Users\Daniel Roberts\AppData\Local\Microsoft\WindowsApps;C:\Users\Daniel Roberts\.dotnet\tools;C:\Users\Daniel Roberts\AppData\Local\Programs\Microsoft VS Code\bin;C:\Users\Daniel Roberts\AppData\Local\atom\bin
USERNAME=Daniel Roberts
OS=Windows_NT
PROCESSOR_IDENTIFIER=Intel64 Family 6 Model 158 Stepping 9, GenuineIntel



---------------  S Y S T E M  ---------------

OS: Windows 10 , 64 bit Build 19041 (10.0.19041.1706)

CPU:total 4 (initial active 4) (4 cores per cpu, 1 threads per core) family 6 model 158 stepping 9 microcode 0xd6, cmov, cx8, fxsr, mmx, sse, sse2, sse3, ssse3, sse4.1, sse4.2, popcnt, avx, avx2, aes, clmul, erms, rtm, 3dnowpref, lzcnt, tsc, tscinvbit, bmi1, bmi2, adx, fma

Memory: 4k page, system-wide physical 8072M (310M free)
TotalPageFile size 32648M (AvailPageFile size 2M)
current process WorkingSet (physical memory assigned to process): 74M, peak: 74M
current process commit charge ("private bytes"): 224M, peak: 224M

vm_info: Java HotSpot(TM) 64-Bit Server VM (11.0.15.1+2-LTS-10) for windows-amd64 JRE (11.0.15.1+2-LTS-10), built on Apr 25 2022 21:51:57 by "mach5one" with MS VC++ 15.9 (VS2017)

END.
